1655905992791	geckodriver	INFO	Listening on 127.0.0.1:60004
1655905995856	mozrunner::runner	INFO	Running command: "C:\\Program Files\\Mozilla Firefox\\firefox.exe" "--marionette" "--remote-debugging-port" "60005" "--remote-allow-hosts" "localhost" "-no-remote" "-profile" "E:\\AppData\\Local\\Temp\\rust_mozprofileIECrxj"
1655905996207	Marionette	INFO	Marionette enabled
WebDriver BiDi listening on ws://localhost:60005
console.warn: SearchSettings: "get: No settings file exists, new profile?" (new NotFoundError("Could not open the file at E:\\AppData\\Local\\Temp\\rust_mozprofileIECrxj\\search.json.mozlz4", (void 0)))
1655906000730	Marionette	INFO	Listening on port 60032
DevTools listening on ws://localhost:60005/devtools/browser/1e9bd390-5c44-4e5c-90bf-28a061cd15a5
Read port: 60032
1655906000861	RemoteAgent	WARN	TLS certificate errors will be ignored for this session
JavaScript error: https://cdn.ad.plus/player/adplus.js, line 400: TypeError: e(...).setup is not a function
1655906024323	Marionette	INFO	Stopped listening on port 60032
JavaScript error: resource://gre/modules/AsyncShutdown.jsm, line 718: Error: Phase "Sqlite.jsm: wait until all connections are closed" is finished, it is too late to register completion condition "protections.sqlite#0: waiting for shutdown"
1655906026108	geckodriver	INFO	Listening on 127.0.0.1:60112
1655906029164	mozrunner::runner	INFO	Running command: "C:\\Program Files\\Mozilla Firefox\\firefox.exe" "--marionette" "--remote-debugging-port" "60113" "--remote-allow-hosts" "localhost" "-no-remote" "-profile" "E:\\AppData\\Local\\Temp\\rust_mozprofileYkSkAd"
1655906029536	Marionette	INFO	Marionette enabled
WebDriver BiDi listening on ws://localhost:60113
console.warn: SearchSettings: "get: No settings file exists, new profile?" (new NotFoundError("Could not open the file at E:\\AppData\\Local\\Temp\\rust_mozprofileYkSkAd\\search.json.mozlz4", (void 0)))
1655906033744	Marionette	INFO	Listening on port 60136
DevTools listening on ws://localhost:60113/devtools/browser/84ab4780-0b87-4025-98c7-6c32c267f8e4
Read port: 60136
1655906033827	RemoteAgent	WARN	TLS certificate errors will be ignored for this session
JavaScript error: https://cdn.ad.plus/player/adplus.js, line 400: TypeError: e(...).setup is not a function
1655906038230	Marionette	INFO	Stopped listening on port 60136

###!!! [Child][PContentChild] Error: Send(msgname=PNecko::Msg_RemoveRequestContext) Channel closing: too late to send/recv, messages will be lost

[Parent 5392, IPC I/O Parent] WARNING: file /builds/worker/checkouts/gecko/ipc/chromium/src/base/process_util_win.cc:167
1655906040335	geckodriver	INFO	Listening on 127.0.0.1:60203
1655906043386	mozrunner::runner	INFO	Running command: "C:\\Program Files\\Mozilla Firefox\\firefox.exe" "--marionette" "--remote-debugging-port" "60204" "--remote-allow-hosts" "localhost" "-no-remote" "-profile" "E:\\AppData\\Local\\Temp\\rust_mozprofilev8ktlG"
1655906043748	Marionette	INFO	Marionette enabled
WebDriver BiDi listening on ws://localhost:60204
console.warn: SearchSettings: "get: No settings file exists, new profile?" (new NotFoundError("Could not open the file at E:\\AppData\\Local\\Temp\\rust_mozprofilev8ktlG\\search.json.mozlz4", (void 0)))
1655906048404	Marionette	INFO	Listening on port 60228
DevTools listening on ws://localhost:60204/devtools/browser/959d0823-ab3d-44db-80e0-bfd739ccdd9d
Read port: 60228
1655906048490	RemoteAgent	WARN	TLS certificate errors will be ignored for this session
1655906051979	Marionette	INFO	Stopped listening on port 60228
!!! error running onStopped callback: TypeError: callback is not a function

###!!! [Child][PContentChild] Error: RunMessage(msgname=PHttpChannel::Msg_DeleteSelf) Channel closing: too late to send/recv, messages will be lost

1655906826347	geckodriver	INFO	Listening on 127.0.0.1:60882
1655906829389	mozrunner::runner	INFO	Running command: "C:\\Program Files\\Mozilla Firefox\\firefox.exe" "--marionette" "--remote-debugging-port" "60883" "--remote-allow-hosts" "localhost" "-no-remote" "-profile" "E:\\AppData\\Local\\Temp\\rust_mozprofileT6shLg"
1655906829786	Marionette	INFO	Marionette enabled
WebDriver BiDi listening on ws://localhost:60883
console.warn: SearchSettings: "get: No settings file exists, new profile?" (new NotFoundError("Could not open the file at E:\\AppData\\Local\\Temp\\rust_mozprofileT6shLg\\search.json.mozlz4", (void 0)))
1655906834150	Marionette	INFO	Listening on port 60907
DevTools listening on ws://localhost:60883/devtools/browser/c9a58a81-204e-4d24-aece-45db4de51d6a
Read port: 60907
1655906834257	RemoteAgent	WARN	TLS certificate errors will be ignored for this session
JavaScript error: https://cdn.ad.plus/player/adplus.js, line 400: TypeError: e(...).setup is not a function
1655906839268	Marionette	INFO	Stopped listening on port 60907
JavaScript error: resource://gre/modules/UrlClassifierListManager.jsm, line 694: TypeError: this.tablesData[table] is undefined
JavaScript error: resource://gre/modules/AsyncShutdown.jsm, line 718: Error: Phase "Sqlite.jsm: wait until all connections are closed" is finished, it is too late to register completion condition "protections.sqlite#0: waiting for shutdown"

###!!! [Child][PContentChild] Error: RunMessage(msgname=PContent::Msg_DestroyBrowsingContextGroup) Channel closing: too late to send/recv, messages will be lost

1655906841302	geckodriver	INFO	Listening on 127.0.0.1:60990
1655906844362	mozrunner::runner	INFO	Running command: "C:\\Program Files\\Mozilla Firefox\\firefox.exe" "--marionette" "--remote-debugging-port" "60991" "--remote-allow-hosts" "localhost" "-no-remote" "-profile" "E:\\AppData\\Local\\Temp\\rust_mozprofileDzdxpc"
1655906844727	Marionette	INFO	Marionette enabled
WebDriver BiDi listening on ws://localhost:60991
console.warn: SearchSettings: "get: No settings file exists, new profile?" (new NotFoundError("Could not open the file at E:\\AppData\\Local\\Temp\\rust_mozprofileDzdxpc\\search.json.mozlz4", (void 0)))
1655906849090	Marionette	INFO	Listening on port 61014
DevTools listening on ws://localhost:60991/devtools/browser/875c41cf-3ff6-49dc-be2f-bc8b92d69c3d
Read port: 61014
1655906849386	RemoteAgent	WARN	TLS certificate errors will be ignored for this session
JavaScript error: https://cdn.ad.plus/player/adplus.js, line 400: TypeError: e(...).setup is not a function
1655906854064	Marionette	INFO	Stopped listening on port 61014
!!! error running onStopped callback: TypeError: callback is not a function
JavaScript error: resource://gre/modules/UrlClassifierListManager.jsm, line 694: TypeError: this.tablesData[table] is undefined
[Parent 3160, IPC I/O Parent] WARNING: file /builds/worker/checkouts/gecko/ipc/chromium/src/base/process_util_win.cc:167
1655906856484	geckodriver	INFO	Listening on 127.0.0.1:61097
1655906859562	mozrunner::runner	INFO	Running command: "C:\\Program Files\\Mozilla Firefox\\firefox.exe" "--marionette" "--remote-debugging-port" "61098" "--remote-allow-hosts" "localhost" "-no-remote" "-profile" "E:\\AppData\\Local\\Temp\\rust_mozprofilemjvUWv"
1655906859900	Marionette	INFO	Marionette enabled
WebDriver BiDi listening on ws://localhost:61098
console.warn: SearchSettings: "get: No settings file exists, new profile?" (new NotFoundError("Could not open the file at E:\\AppData\\Local\\Temp\\rust_mozprofilemjvUWv\\search.json.mozlz4", (void 0)))
1655906864326	Marionette	INFO	Listening on port 61124
Read port: 61124
1655906864360	RemoteAgent	WARN	TLS certificate errors will be ignored for this session
DevTools listening on ws://localhost:61098/devtools/browser/1cdf094d-967b-4000-b0fd-8ebd3a82f6e0
1655906868257	Marionette	INFO	Stopped listening on port 61124

###!!! [Child][PContentChild] Error: Send(msgname=PHttpChannel::Msg___delete__) Channel closing: too late to send/recv, messages will be lost

JavaScript error: resource://gre/modules/UrlClassifierListManager.jsm, line 694: TypeError: this.tablesData[table] is undefined
[Parent 11956, IPC I/O Parent] WARNING: file /builds/worker/checkouts/gecko/ipc/chromium/src/base/process_util_win.cc:167
[Parent 11956, IPC I/O Parent] WARNING: file /builds/worker/checkouts/gecko/ipc/chromium/src/base/process_util_win.cc:167
1655907819404	geckodriver	INFO	Listening on 127.0.0.1:61613
1655907822469	mozrunner::runner	INFO	Running command: "C:\\Program Files\\Mozilla Firefox\\firefox.exe" "--marionette" "--remote-debugging-port" "61614" "--remote-allow-hosts" "localhost" "-no-remote" "-profile" "E:\\AppData\\Local\\Temp\\rust_mozprofileZLpxnN"
1655907822827	Marionette	INFO	Marionette enabled
WebDriver BiDi listening on ws://localhost:61614
console.warn: SearchSettings: "get: No settings file exists, new profile?" (new NotFoundError("Could not open the file at E:\\AppData\\Local\\Temp\\rust_mozprofileZLpxnN\\search.json.mozlz4", (void 0)))
1655907827103	Marionette	INFO	Listening on port 61635
DevTools listening on ws://localhost:61614/devtools/browser/cd7dbbb2-05b3-4091-ba33-849f4e1c86c5
Read port: 61635
1655907827226	RemoteAgent	WARN	TLS certificate errors will be ignored for this session
JavaScript error: https://cdn.ad.plus/player/adplus.js, line 400: TypeError: e(...).setup is not a function
1655907847262	Marionette	INFO	Stopped listening on port 61635
console.warn: TopSitesFeed: Failed to fetch data from Contile server: NetworkError when attempting to fetch resource.

###!!! [Child][PContentChild] Error: RunMessage(msgname=PHttpChannel::Msg_DeleteSelf) Channel closing: too late to send/recv, messages will be lost

1655907847588	geckodriver	INFO	Listening on 127.0.0.1:61707
1655907850629	mozrunner::runner	INFO	Running command: "C:\\Program Files\\Mozilla Firefox\\firefox.exe" "--marionette" "--remote-debugging-port" "61708" "--remote-allow-hosts" "localhost" "-no-remote" "-profile" "E:\\AppData\\Local\\Temp\\rust_mozprofileui5nqd"
1655907850972	Marionette	INFO	Marionette enabled
WebDriver BiDi listening on ws://localhost:61708
console.warn: SearchSettings: "get: No settings file exists, new profile?" (new NotFoundError("Could not open the file at E:\\AppData\\Local\\Temp\\rust_mozprofileui5nqd\\search.json.mozlz4", (void 0)))
1655907855534	Marionette	INFO	Listening on port 61728
DevTools listening on ws://localhost:61708/devtools/browser/b65250e7-ecb8-4a5f-b8c0-a751cdc97df5
Read port: 61728
1655907855630	RemoteAgent	WARN	TLS certificate errors will be ignored for this session
JavaScript error: https://cdn.ad.plus/player/adplus.js, line 400: TypeError: e(...).setup is not a function
1655907877890	geckodriver	INFO	Listening on 127.0.0.1:61798
1655907880948	mozrunner::runner	INFO	Running command: "C:\\Program Files\\Mozilla Firefox\\firefox.exe" "--marionette" "--remote-debugging-port" "61799" "--remote-allow-hosts" "localhost" "-no-remote" "-profile" "E:\\AppData\\Local\\Temp\\rust_mozprofileQ3El5X"
1655907881317	Marionette	INFO	Marionette enabled
WebDriver BiDi listening on ws://localhost:61799
console.warn: SearchSettings: "get: No settings file exists, new profile?" (new NotFoundError("Could not open the file at E:\\AppData\\Local\\Temp\\rust_mozprofileQ3El5X\\search.json.mozlz4", (void 0)))
1655907885559	Marionette	INFO	Listening on port 61821
DevTools listening on ws://localhost:61799/devtools/browser/4478d1f9-1e2e-4dfb-bd33-ca806161ddd3
Read port: 61821
1655907885702	RemoteAgent	WARN	TLS certificate errors will be ignored for this session
JavaScript error: https://cdn.ad.plus/player/adplus.js, line 400: TypeError: e(...).setup is not a function
1655907950331	Marionette	INFO	Stopped listening on port 61821
console.warn: TopSitesFeed: Failed to fetch data from Contile server: NetworkError when attempting to fetch resource.
1655907950643	geckodriver	INFO	Listening on 127.0.0.1:61903
1655907953702	mozrunner::runner	INFO	Running command: "C:\\Program Files\\Mozilla Firefox\\firefox.exe" "--marionette" "--remote-debugging-port" "61904" "--remote-allow-hosts" "localhost" "-no-remote" "-profile" "E:\\AppData\\Local\\Temp\\rust_mozprofilebE50RU"
1655907954081	Marionette	INFO	Marionette enabled
WebDriver BiDi listening on ws://localhost:61904
1655908004413	geckodriver	INFO	Listening on 127.0.0.1:61917
1655908007479	mozrunner::runner	INFO	Running command: "C:\\Program Files\\Mozilla Firefox\\firefox.exe" "--marionette" "--remote-debugging-port" "61918" "--remote-allow-hosts" "localhost" "-no-remote" "-profile" "E:\\AppData\\Local\\Temp\\rust_mozprofileYlUOuY"
1655908007836	Marionette	INFO	Marionette enabled
WebDriver BiDi listening on ws://localhost:61918
console.warn: SearchSettings: "get: No settings file exists, new profile?" (new NotFoundError("Could not open the file at E:\\AppData\\Local\\Temp\\rust_mozprofileYlUOuY\\search.json.mozlz4", (void 0)))
1655908011998	Marionette	INFO	Listening on port 61938
DevTools listening on ws://localhost:61918/devtools/browser/9e750f11-9206-4e9a-bf03-23596dcf4243
Read port: 61938
1655908012084	RemoteAgent	WARN	TLS certificate errors will be ignored for this session
JavaScript error: https://cdn.ad.plus/player/adplus.js, line 400: TypeError: e(...).setup is not a function
1655908041278	Marionette	INFO	Stopped listening on port 61938
console.warn: TopSitesFeed: Failed to fetch data from Contile server: NetworkError when attempting to fetch resource.

###!!! [Child][PContentChild] Error: RunMessage(msgname=PHttpChannel::Msg_DeleteSelf) Channel closing: too late to send/recv, messages will be lost

1655908041569	geckodriver	INFO	Listening on 127.0.0.1:62017
1655908044605	mozrunner::runner	INFO	Running command: "C:\\Program Files\\Mozilla Firefox\\firefox.exe" "--marionette" "--remote-debugging-port" "62018" "--remote-allow-hosts" "localhost" "-no-remote" "-profile" "E:\\AppData\\Local\\Temp\\rust_mozprofileTZOyKA"
1655908044982	Marionette	INFO	Marionette enabled
WebDriver BiDi listening on ws://localhost:62018
console.warn: SearchSettings: "get: No settings file exists, new profile?" (new NotFoundError("Could not open the file at E:\\AppData\\Local\\Temp\\rust_mozprofileTZOyKA\\search.json.mozlz4", (void 0)))
1655908049040	Marionette	INFO	Listening on port 62038
DevTools listening on ws://localhost:62018/devtools/browser/8e43421a-041f-44fc-830c-8ec3f1dd5886
Read port: 62038
1655908049298	RemoteAgent	WARN	TLS certificate errors will be ignored for this session
JavaScript error: https://cdn.ad.plus/player/adplus.js, line 400: TypeError: e(...).setup is not a function
1655908058306	Marionette	INFO	Stopped listening on port 62038
JavaScript error: chrome://remote/content/marionette/cert.js, line 55: NS_ERROR_NOT_AVAILABLE: Component returned failure code: 0x80040111 (NS_ERROR_NOT_AVAILABLE) [nsICertOverrideService.setDisableAllSecurityChecksAndLetAttackersInterceptMyData]
!!! error running onStopped callback: TypeError: callback is not a function
1655908058521	geckodriver	INFO	Listening on 127.0.0.1:62117
1655908120078	geckodriver	INFO	Listening on 127.0.0.1:62124
1655908123142	mozrunner::runner	INFO	Running command: "C:\\Program Files\\Mozilla Firefox\\firefox.exe" "--marionette" "--remote-debugging-port" "62125" "--remote-allow-hosts" "localhost" "-no-remote" "-profile" "E:\\AppData\\Local\\Temp\\rust_mozprofileZVYcr2"
1655908123628	Marionette	INFO	Marionette enabled
WebDriver BiDi listening on ws://localhost:62125
console.warn: SearchSettings: "get: No settings file exists, new profile?" (new NotFoundError("Could not open the file at E:\\AppData\\Local\\Temp\\rust_mozprofileZVYcr2\\search.json.mozlz4", (void 0)))
1655908127685	Marionette	INFO	Listening on port 62147
DevTools listening on ws://localhost:62125/devtools/browser/4c8b687a-6c85-4440-9977-d16982bc0b18
Read port: 62147
1655908127751	RemoteAgent	WARN	TLS certificate errors will be ignored for this session
JavaScript error: https://cdn.ad.plus/player/adplus.js, line 400: TypeError: e(...).setup is not a function
1655908178566	Marionette	INFO	Stopped listening on port 62147
console.warn: TopSitesFeed: Failed to fetch data from Contile server: NetworkError when attempting to fetch resource.

###!!! [Child][PContentChild] Error: RunMessage(msgname=PHttpChannel::Msg_DeleteSelf) Channel closing: too late to send/recv, messages will be lost


###!!! [Child][PContentChild] Error: RunMessage(msgname=PHttpChannel::Msg_DeleteSelf) Channel closing: too late to send/recv, messages will be lost

1655908178853	geckodriver	INFO	Listening on 127.0.0.1:62218
1655908181907	mozrunner::runner	INFO	Running command: "C:\\Program Files\\Mozilla Firefox\\firefox.exe" "--marionette" "--remote-debugging-port" "62219" "--remote-allow-hosts" "localhost" "-no-remote" "-profile" "E:\\AppData\\Local\\Temp\\rust_mozprofile6dBSXT"
1655908182311	Marionette	INFO	Marionette enabled
1655908233367	geckodriver	INFO	Listening on 127.0.0.1:62245
1655908236433	mozrunner::runner	INFO	Running command: "C:\\Program Files\\Mozilla Firefox\\firefox.exe" "--marionette" "--remote-debugging-port" "62246" "--remote-allow-hosts" "localhost" "-no-remote" "-profile" "E:\\AppData\\Local\\Temp\\rust_mozprofile5R7ii9"
1655908236785	Marionette	INFO	Marionette enabled
WebDriver BiDi listening on ws://localhost:62246
console.warn: SearchSettings: "get: No settings file exists, new profile?" (new NotFoundError("Could not open the file at E:\\AppData\\Local\\Temp\\rust_mozprofile5R7ii9\\search.json.mozlz4", (void 0)))
1655908241149	Marionette	INFO	Listening on port 62267
DevTools listening on ws://localhost:62246/devtools/browser/5754397d-a7f6-44cb-b4cf-0cb5139a4ce4
Read port: 62267
1655908241337	RemoteAgent	WARN	TLS certificate errors will be ignored for this session
JavaScript error: https://cdn.ad.plus/player/adplus.js, line 400: TypeError: e(...).setup is not a function
1655908283437	Marionette	INFO	Stopped listening on port 62267

###!!! [Child][PContentChild] Error: RunMessage(msgname=PHttpChannel::Msg_DeleteSelf) Channel closing: too late to send/recv, messages will be lost

console.warn: TopSitesFeed: Failed to fetch data from Contile server: NetworkError when attempting to fetch resource.
1655908283751	geckodriver	INFO	Listening on 127.0.0.1:62348
1655908286787	mozrunner::runner	INFO	Running command: "C:\\Program Files\\Mozilla Firefox\\firefox.exe" "--marionette" "--remote-debugging-port" "62349" "--remote-allow-hosts" "localhost" "-no-remote" "-profile" "E:\\AppData\\Local\\Temp\\rust_mozprofileY30K8h"
1655908287145	Marionette	INFO	Marionette enabled
WebDriver BiDi listening on ws://localhost:62349
1655908296516	geckodriver	INFO	Listening on 127.0.0.1:62359
1655908299598	mozrunner::runner	INFO	Running command: "C:\\Program Files\\Mozilla Firefox\\firefox.exe" "--marionette" "--remote-debugging-port" "62360" "--remote-allow-hosts" "localhost" "-no-remote" "-profile" "E:\\AppData\\Local\\Temp\\rust_mozprofilehMW7e1"
1655908299956	Marionette	INFO	Marionette enabled
WebDriver BiDi listening on ws://localhost:62360
console.warn: SearchSettings: "get: No settings file exists, new profile?" (new NotFoundError("Could not open the file at E:\\AppData\\Local\\Temp\\rust_mozprofilehMW7e1\\search.json.mozlz4", (void 0)))
1655908304826	Marionette	INFO	Listening on port 62382
DevTools listening on ws://localhost:62360/devtools/browser/04ed03a6-7d5b-4602-9863-9df05ecbae6b
Read port: 62382
1655908304934	RemoteAgent	WARN	TLS certificate errors will be ignored for this session
JavaScript error: https://cdn.ad.plus/player/adplus.js, line 400: TypeError: e(...).setup is not a function
JavaScript error: https://cdn.ad.plus/player/adplus.js, line 400: TypeError: e(...).setup is not a function
JavaScript error: https://cdn.ad.plus/player/adplus.js, line 400: TypeError: e(...).setup is not a function
1655908383484	Marionette	INFO	Stopped listening on port 62382
console.warn: TopSitesFeed: Failed to fetch data from Contile server: NetworkError when attempting to fetch resource.

###!!! [Child][PContentChild] Error: RunMessage(msgname=PHttpChannel::Msg_DeleteSelf) Channel closing: too late to send/recv, messages will be lost

1655908383790	geckodriver	INFO	Listening on 127.0.0.1:62548
1655908386831	mozrunner::runner	INFO	Running command: "C:\\Program Files\\Mozilla Firefox\\firefox.exe" "--marionette" "--remote-debugging-port" "62549" "--remote-allow-hosts" "localhost" "-no-remote" "-profile" "E:\\AppData\\Local\\Temp\\rust_mozprofile2DB7uS"
1655908387218	Marionette	INFO	Marionette enabled
WebDriver BiDi listening on ws://localhost:62549
console.warn: SearchSettings: "get: No settings file exists, new profile?" (new NotFoundError("Could not open the file at E:\\AppData\\Local\\Temp\\rust_mozprofile2DB7uS\\search.json.mozlz4", (void 0)))
1655908391548	Marionette	INFO	Listening on port 62571
DevTools listening on ws://localhost:62549/devtools/browser/36823763-6e52-49ca-90d8-4e26b907b6b5
Read port: 62571
1655908391690	RemoteAgent	WARN	TLS certificate errors will be ignored for this session
JavaScript error: https://cdn.ad.plus/player/adplus.js, line 400: TypeError: e(...).setup is not a function
1655908397415	Marionette	INFO	Stopped listening on port 62571
console.warn: TopSitesFeed: Failed to fetch data from Contile server: NetworkError when attempting to fetch resource.
1655908397599	geckodriver	INFO	Listening on 127.0.0.1:62641
1655908400681	mozrunner::runner	INFO	Running command: "C:\\Program Files\\Mozilla Firefox\\firefox.exe" "--marionette" "--remote-debugging-port" "62642" "--remote-allow-hosts" "localhost" "-no-remote" "-profile" "E:\\AppData\\Local\\Temp\\rust_mozprofile6WsL0r"
1655908401167	Marionette	INFO	Marionette enabled
WebDriver BiDi listening on ws://localhost:62642
console.warn: SearchSettings: "get: No settings file exists, new profile?" (new NotFoundError("Could not open the file at E:\\AppData\\Local\\Temp\\rust_mozprofile6WsL0r\\search.json.mozlz4", (void 0)))
1655908405970	Marionette	INFO	Listening on port 62663
DevTools listening on ws://localhost:62642/devtools/browser/a685f3cf-7ed8-4916-81ad-31538b5c9261
Read port: 62663
1655908406061	RemoteAgent	WARN	TLS certificate errors will be ignored for this session
JavaScript error: https://cdn.ad.plus/player/adplus.js, line 400: TypeError: e(...).setup is not a function
1655908411225	Marionette	INFO	Stopped listening on port 62663
console.warn: TopSitesFeed: Failed to fetch data from Contile server: NetworkError when attempting to fetch resource.

###!!! [Child][PContentChild] Error: Send(msgname=PNecko::Msg_RemoveRequestContext) Channel closing: too late to send/recv, messages will be lost

1655908423465	geckodriver	INFO	Listening on 127.0.0.1:62737
1655908426550	mozrunner::runner	INFO	Running command: "C:\\Program Files\\Mozilla Firefox\\firefox.exe" "--marionette" "--remote-debugging-port" "62738" "--remote-allow-hosts" "localhost" "-no-remote" "-profile" "E:\\AppData\\Local\\Temp\\rust_mozprofileJqNNlU"
1655908426905	Marionette	INFO	Marionette enabled
WebDriver BiDi listening on ws://localhost:62738
console.warn: SearchSettings: "get: No settings file exists, new profile?" (new NotFoundError("Could not open the file at E:\\AppData\\Local\\Temp\\rust_mozprofileJqNNlU\\search.json.mozlz4", (void 0)))
1655908430991	Marionette	INFO	Listening on port 62758
DevTools listening on ws://localhost:62738/devtools/browser/53241aaa-2e72-4e34-a7c6-304efe59af45
Read port: 62758
1655908431147	RemoteAgent	WARN	TLS certificate errors will be ignored for this session
JavaScript error: https://cdn.ad.plus/player/adplus.js, line 400: TypeError: e(...).setup is not a function
1655908470916	Marionette	INFO	Stopped listening on port 62758
console.warn: TopSitesFeed: Failed to fetch data from Contile server: NetworkError when attempting to fetch resource.
JavaScript error: chrome://remote/content/marionette/cert.js, line 55: NS_ERROR_NOT_AVAILABLE: Component returned failure code: 0x80040111 (NS_ERROR_NOT_AVAILABLE) [nsICertOverrideService.setDisableAllSecurityChecksAndLetAttackersInterceptMyData]
!!! error running onStopped callback: TypeError: callback is not a function
1655908471181	geckodriver	INFO	Listening on 127.0.0.1:62840
1655908474220	mozrunner::runner	INFO	Running command: "C:\\Program Files\\Mozilla Firefox\\firefox.exe" "--marionette" "--remote-debugging-port" "62841" "--remote-allow-hosts" "localhost" "-no-remote" "-profile" "E:\\AppData\\Local\\Temp\\rust_mozprofileTE4WYZ"
1655908474629	Marionette	INFO	Marionette enabled
WebDriver BiDi listening on ws://localhost:62841
1655908622024	geckodriver	INFO	Listening on 127.0.0.1:62914
1655908625110	mozrunner::runner	INFO	Running command: "C:\\Program Files\\Mozilla Firefox\\firefox.exe" "--marionette" "--remote-debugging-port" "62915" "--remote-allow-hosts" "localhost" "-no-remote" "-profile" "E:\\AppData\\Local\\Temp\\rust_mozprofilexy7tP4"
1655908625491	Marionette	INFO	Marionette enabled
WebDriver BiDi listening on ws://localhost:62915
console.warn: SearchSettings: "get: No settings file exists, new profile?" (new NotFoundError("Could not open the file at E:\\AppData\\Local\\Temp\\rust_mozprofilexy7tP4\\search.json.mozlz4", (void 0)))
1655908630326	Marionette	INFO	Listening on port 62937
DevTools listening on ws://localhost:62915/devtools/browser/4a6a9454-49fa-4d89-beae-a551a1935dc1
Read port: 62937
1655908630564	RemoteAgent	WARN	TLS certificate errors will be ignored for this session
JavaScript error: https://cdn.ad.plus/player/adplus.js, line 400: TypeError: e(...).setup is not a function
1655908723169	Marionette	INFO	Stopped listening on port 62937
console.warn: TopSitesFeed: Failed to fetch data from Contile server: NetworkError when attempting to fetch resource.

###!!! [Child][PContentChild] Error: RunMessage(msgname=PHttpChannel::Msg_DeleteSelf) Channel closing: too late to send/recv, messages will be lost

1655908723485	geckodriver	INFO	Listening on 127.0.0.1:63039
1655908726558	mozrunner::runner	INFO	Running command: "C:\\Program Files\\Mozilla Firefox\\firefox.exe" "--marionette" "--remote-debugging-port" "63040" "--remote-allow-hosts" "localhost" "-no-remote" "-profile" "E:\\AppData\\Local\\Temp\\rust_mozprofile5PhM2V"
1655908726985	Marionette	INFO	Marionette enabled
WebDriver BiDi listening on ws://localhost:63040
1655909166992	geckodriver	INFO	Listening on 127.0.0.1:49784
1655909170108	mozrunner::runner	INFO	Running command: "C:\\Program Files\\Mozilla Firefox\\firefox.exe" "--marionette" "--remote-debugging-port" "49785" "--remote-allow-hosts" "localhost" "-no-remote" "-profile" "E:\\AppData\\Local\\Temp\\rust_mozprofile2CKtvk"
1655909171153	Marionette	INFO	Marionette enabled
WebDriver BiDi listening on ws://localhost:49785
console.warn: SearchSettings: "get: No settings file exists, new profile?" (new NotFoundError("Could not open the file at E:\\AppData\\Local\\Temp\\rust_mozprofile2CKtvk\\search.json.mozlz4", (void 0)))
1655909175682	Marionette	INFO	Listening on port 49810
DevTools listening on ws://localhost:49785/devtools/browser/d7d70921-9841-44da-99c2-72201bb469f8
Read port: 49810
1655909175809	RemoteAgent	WARN	TLS certificate errors will be ignored for this session
JavaScript error: https://cdn.ad.plus/player/adplus.js, line 400: TypeError: e(...).setup is not a function
1655909187834	Marionette	INFO	Stopped listening on port 49810
console.warn: TopSitesFeed: Failed to fetch data from Contile server: NetworkError when attempting to fetch resource.
1655909188489	geckodriver	INFO	Listening on 127.0.0.1:49878
1655909309849	geckodriver	INFO	Listening on 127.0.0.1:50228
1655909312918	mozrunner::runner	INFO	Running command: "C:\\Program Files\\Mozilla Firefox\\firefox.exe" "--marionette" "--remote-debugging-port" "50229" "--remote-allow-hosts" "localhost" "-no-remote" "-profile" "E:\\AppData\\Local\\Temp\\rust_mozprofile55ELAZ"
1655909313304	Marionette	INFO	Marionette enabled
WebDriver BiDi listening on ws://localhost:50229
console.warn: SearchSettings: "get: No settings file exists, new profile?" (new NotFoundError("Could not open the file at E:\\AppData\\Local\\Temp\\rust_mozprofile55ELAZ\\search.json.mozlz4", (void 0)))
1655909318128	Marionette	INFO	Listening on port 50251
DevTools listening on ws://localhost:50229/devtools/browser/cda1c32a-5fe8-4d7b-9886-ba2d579451c1
Read port: 50251
1655909318292	RemoteAgent	WARN	TLS certificate errors will be ignored for this session
JavaScript error: https://cdn.ad.plus/player/adplus.js, line 400: TypeError: e(...).setup is not a function
1655909328654	Marionette	INFO	Stopped listening on port 50251
console.warn: TopSitesFeed: Failed to fetch data from Contile server: NetworkError when attempting to fetch resource.
1655909328944	geckodriver	INFO	Listening on 127.0.0.1:50302
1655909332017	mozrunner::runner	INFO	Running command: "C:\\Program Files\\Mozilla Firefox\\firefox.exe" "--marionette" "--remote-debugging-port" "50303" "--remote-allow-hosts" "localhost" "-no-remote" "-profile" "E:\\AppData\\Local\\Temp\\rust_mozprofileLRZqMv"
1655909332388	Marionette	INFO	Marionette enabled
WebDriver BiDi listening on ws://localhost:50303
1655909340132	geckodriver	INFO	Listening on 127.0.0.1:50313
1655909343186	mozrunner::runner	INFO	Running command: "C:\\Program Files\\Mozilla Firefox\\firefox.exe" "--marionette" "--remote-debugging-port" "50314" "--remote-allow-hosts" "localhost" "-no-remote" "-profile" "E:\\AppData\\Local\\Temp\\rust_mozprofilesMyIzF"
1655909343544	Marionette	INFO	Marionette enabled
WebDriver BiDi listening on ws://localhost:50314
console.warn: SearchSettings: "get: No settings file exists, new profile?" (new NotFoundError("Could not open the file at E:\\AppData\\Local\\Temp\\rust_mozprofilesMyIzF\\search.json.mozlz4", (void 0)))
1655909348131	Marionette	INFO	Listening on port 50337
DevTools listening on ws://localhost:50314/devtools/browser/7926d9bf-6afe-4534-926f-5b21f7f20d87
Read port: 50337
1655909348290	RemoteAgent	WARN	TLS certificate errors will be ignored for this session
JavaScript error: https://cdn.ad.plus/player/adplus.js, line 400: TypeError: e(...).setup is not a function
1655909362454	Marionette	INFO	Stopped listening on port 50337
console.warn: TopSitesFeed: Failed to fetch data from Contile server: NetworkError when attempting to fetch resource.

###!!! [Child][PContentChild] Error: RunMessage(msgname=PHttpChannel::Msg_DeleteSelf) Channel closing: too late to send/recv, messages will be lost


###!!! [Child][PContentChild] Error: RunMessage(msgname=PHttpChannel::Msg_DeleteSelf) Channel closing: too late to send/recv, messages will be lost


###!!! [Child][PContentChild] Error: RunMessage(msgname=PHttpChannel::Msg_DeleteSelf) Channel closing: too late to send/recv, messages will be lost


###!!! [Child][PContentChild] Error: RunMessage(msgname=PHttpChannel::Msg_DeleteSelf) Channel closing: too late to send/recv, messages will be lost

[Parent 11536, IPC I/O Parent] WARNING: file /builds/worker/checkouts/gecko/ipc/chromium/src/base/process_util_win.cc:167
1655909362930	geckodriver	INFO	Listening on 127.0.0.1:50391
1655909365976	mozrunner::runner	INFO	Running command: "C:\\Program Files\\Mozilla Firefox\\firefox.exe" "--marionette" "--remote-debugging-port" "50392" "--remote-allow-hosts" "localhost" "-no-remote" "-profile" "E:\\AppData\\Local\\Temp\\rust_mozprofileut7DfT"
1655909366340	Marionette	INFO	Marionette enabled
WebDriver BiDi listening on ws://localhost:50392
console.warn: SearchSettings: "get: No settings file exists, new profile?" (new NotFoundError("Could not open the file at E:\\AppData\\Local\\Temp\\rust_mozprofileut7DfT\\search.json.mozlz4", (void 0)))
1655909370687	Marionette	INFO	Listening on port 50413
DevTools listening on ws://localhost:50392/devtools/browser/6b72d7b0-8593-48f4-8875-a01db534e784
Read port: 50413
1655909370936	RemoteAgent	WARN	TLS certificate errors will be ignored for this session
JavaScript error: https://cdn.ad.plus/player/adplus.js, line 400: TypeError: e(...).setup is not a function
1655909375980	Marionette	INFO	Stopped listening on port 50413
console.warn: TopSitesFeed: Failed to fetch data from Contile server: NetworkError when attempting to fetch resource.
1655909376190	geckodriver	INFO	Listening on 127.0.0.1:50471
1655909379228	mozrunner::runner	INFO	Running command: "C:\\Program Files\\Mozilla Firefox\\firefox.exe" "--marionette" "--remote-debugging-port" "50472" "--remote-allow-hosts" "localhost" "-no-remote" "-profile" "E:\\AppData\\Local\\Temp\\rust_mozprofileoMzTxz"
1655909379595	Marionette	INFO	Marionette enabled
WebDriver BiDi listening on ws://localhost:50472
console.warn: SearchSettings: "get: No settings file exists, new profile?" (new NotFoundError("Could not open the file at E:\\AppData\\Local\\Temp\\rust_mozprofileoMzTxz\\search.json.mozlz4", (void 0)))
1655909383989	Marionette	INFO	Listening on port 50500
DevTools listening on ws://localhost:50472/devtools/browser/ceb3a4ab-ffef-4f3f-aaac-0d95221a2560
Read port: 50500
1655909384061	RemoteAgent	WARN	TLS certificate errors will be ignored for this session
JavaScript error: https://cdn.ad.plus/player/adplus.js, line 400: TypeError: e(...).setup is not a function
1655909389191	Marionette	INFO	Stopped listening on port 50500
JavaScript error: resource://gre/modules/UrlClassifierListManager.jsm, line 694: TypeError: this.tablesData[table] is undefined
console.warn: TopSitesFeed: Failed to fetch data from Contile server: NetworkError when attempting to fetch resource.
1655909497459	geckodriver	INFO	Listening on 127.0.0.1:50677
1655909500499	mozrunner::runner	INFO	Running command: "C:\\Program Files\\Mozilla Firefox\\firefox.exe" "--marionette" "--remote-debugging-port" "50678" "--remote-allow-hosts" "localhost" "-no-remote" "-profile" "E:\\AppData\\Local\\Temp\\rust_mozprofilemrIEHx"
1655909500851	geckodriver	INFO	Listening on 127.0.0.1:50687
1655909503879	mozrunner::runner	INFO	Running command: "C:\\Program Files\\Mozilla Firefox\\firefox.exe" "--marionette" "--remote-debugging-port" "50688" "--remote-allow-hosts" "localhost" "-no-remote" "-profile" "E:\\AppData\\Local\\Temp\\rust_mozprofilenTsZKX"
1655909504311	Marionette	INFO	Marionette enabled
WebDriver BiDi listening on ws://localhost:50688
console.warn: SearchSettings: "get: No settings file exists, new profile?" (new NotFoundError("Could not open the file at E:\\AppData\\Local\\Temp\\rust_mozprofilenTsZKX\\search.json.mozlz4", (void 0)))
1655909509527	Marionette	INFO	Listening on port 50713
DevTools listening on ws://localhost:50688/devtools/browser/3d466e61-cec7-40bc-8708-8aab7b4a6933
Read port: 50713
1655909509656	RemoteAgent	WARN	TLS certificate errors will be ignored for this session
1655909524079	Marionette	INFO	Stopped listening on port 50713
1655909720872	geckodriver	INFO	Listening on 127.0.0.1:50994
1655909723916	mozrunner::runner	INFO	Running command: "C:\\Program Files\\Mozilla Firefox\\firefox.exe" "--marionette" "--remote-debugging-port" "50995" "--remote-allow-hosts" "localhost" "-no-remote" "-profile" "E:\\AppData\\Local\\Temp\\rust_mozprofile5hKaVg"
1655909724255	Marionette	INFO	Marionette enabled
WebDriver BiDi listening on ws://localhost:50995
console.warn: SearchSettings: "get: No settings file exists, new profile?" (new NotFoundError("Could not open the file at E:\\AppData\\Local\\Temp\\rust_mozprofile5hKaVg\\search.json.mozlz4", (void 0)))
1655909729069	Marionette	INFO	Listening on port 51018
DevTools listening on ws://localhost:50995/devtools/browser/562181ad-a484-4e67-8870-538e912b063e
Read port: 51018
1655909729131	RemoteAgent	WARN	TLS certificate errors will be ignored for this session
JavaScript error: https://cdn.ad.plus/player/adplus.js, line 400: TypeError: e(...).setup is not a function
1655909781152	Marionette	INFO	Stopped listening on port 51018
console.warn: TopSitesFeed: Failed to fetch data from Contile server: NetworkError when attempting to fetch resource.
1655909781437	geckodriver	INFO	Listening on 127.0.0.1:51087
1655909784448	mozrunner::runner	INFO	Running command: "C:\\Program Files\\Mozilla Firefox\\firefox.exe" "--marionette" "--remote-debugging-port" "51088" "--remote-allow-hosts" "localhost" "-no-remote" "-profile" "E:\\AppData\\Local\\Temp\\rust_mozprofilegwIQNc"
1655909784984	Marionette	INFO	Marionette enabled
WebDriver BiDi listening on ws://localhost:51088
console.warn: SearchSettings: "get: No settings file exists, new profile?" (new NotFoundError("Could not open the file at E:\\AppData\\Local\\Temp\\rust_mozprofilegwIQNc\\search.json.mozlz4", (void 0)))
1655909790088	Marionette	INFO	Listening on port 51112
DevTools listening on ws://localhost:51088/devtools/browser/24fbe9b6-83b0-4f28-8357-0945c350237d
Read port: 51112
1655909790347	RemoteAgent	WARN	TLS certificate errors will be ignored for this session
1655909793882	Marionette	INFO	Stopped listening on port 51112
console.warn: TopSitesFeed: Failed to fetch data from Contile server: NetworkError when attempting to fetch resource.
JavaScript error: chrome://remote/content/marionette/cert.js, line 55: NS_ERROR_NOT_AVAILABLE: Component returned failure code: 0x80040111 (NS_ERROR_NOT_AVAILABLE) [nsICertOverrideService.setDisableAllSecurityChecksAndLetAttackersInterceptMyData]
!!! error running onStopped callback: TypeError: callback is not a function
1655909794249	geckodriver	INFO	Listening on 127.0.0.1:51181
1655909797304	mozrunner::runner	INFO	Running command: "C:\\Program Files\\Mozilla Firefox\\firefox.exe" "--marionette" "--remote-debugging-port" "51182" "--remote-allow-hosts" "localhost" "-no-remote" "-profile" "E:\\AppData\\Local\\Temp\\rust_mozprofileFu3ZcU"
1655909798024	Marionette	INFO	Marionette enabled
WebDriver BiDi listening on ws://localhost:51182
console.warn: SearchSettings: "get: No settings file exists, new profile?" (new NotFoundError("Could not open the file at E:\\AppData\\Local\\Temp\\rust_mozprofileFu3ZcU\\search.json.mozlz4", (void 0)))
1655909803264	Marionette	INFO	Listening on port 51203
DevTools listening on ws://localhost:51182/devtools/browser/94853c75-b96e-4c14-9969-c43185d7d8ef
Read port: 51203
1655909803619	RemoteAgent	WARN	TLS certificate errors will be ignored for this session
1655909808187	Marionette	INFO	Stopped listening on port 51203
JavaScript error: resource:///modules/FaviconLoader.jsm, line 598: InvalidStateError: JSWindowActorChild.sendAsyncMessage: JSWindowActorChild cannot send at the moment
!!! error running onStopped callback: TypeError: callback is not a function
JavaScript error: resource://gre/modules/UrlClassifierListManager.jsm, line 694: TypeError: this.tablesData[table] is undefined
1655910247793	geckodriver	INFO	Listening on 127.0.0.1:61279
1655910250834	mozrunner::runner	INFO	Running command: "C:\\Program Files\\Mozilla Firefox\\firefox.exe" "--marionette" "--remote-debugging-port" "61280" "--remote-allow-hosts" "localhost" "-no-remote" "-profile" "E:\\AppData\\Local\\Temp\\rust_mozprofileRPDdJJ"
1655910254686	Marionette	INFO	Marionette enabled
WebDriver BiDi listening on ws://localhost:61280
console.warn: SearchSettings: "get: No settings file exists, new profile?" (new NotFoundError("Could not open the file at E:\\AppData\\Local\\Temp\\rust_mozprofileRPDdJJ\\search.json.mozlz4", (void 0)))
1655910261195	Marionette	INFO	Listening on port 61312
DevTools listening on ws://localhost:61280/devtools/browser/84763942-d2fe-4a21-919f-883167814adb
Read port: 61312
1655910261371	RemoteAgent	WARN	TLS certificate errors will be ignored for this session
JavaScript error: https://cdn.ad.plus/player/adplus.js, line 400: TypeError: e(...).setup is not a function
1655910265887	Marionette	INFO	Stopped listening on port 61312
!!! error running onStopped callback: TypeError: callback is not a function
JavaScript error: resource://gre/modules/UrlClassifierListManager.jsm, line 694: TypeError: this.tablesData[table] is undefined
[Parent 11632, IPC I/O Parent] WARNING: file /builds/worker/checkouts/gecko/ipc/chromium/src/base/process_util_win.cc:167
1655910269403	geckodriver	INFO	Listening on 127.0.0.1:61389
1655910272427	mozrunner::runner	INFO	Running command: "C:\\Program Files\\Mozilla Firefox\\firefox.exe" "--marionette" "--remote-debugging-port" "61390" "--remote-allow-hosts" "localhost" "-no-remote" "-profile" "E:\\AppData\\Local\\Temp\\rust_mozprofileOMHNAJ"
1655910272978	Marionette	INFO	Marionette enabled
WebDriver BiDi listening on ws://localhost:61390
console.warn: SearchSettings: "get: No settings file exists, new profile?" (new NotFoundError("Could not open the file at E:\\AppData\\Local\\Temp\\rust_mozprofileOMHNAJ\\search.json.mozlz4", (void 0)))
1655910279336	Marionette	INFO	Listening on port 61415
Read port: 61415
1655910279386	RemoteAgent	WARN	TLS certificate errors will be ignored for this session
DevTools listening on ws://localhost:61390/devtools/browser/94cda3bb-4fae-4833-9bc3-46bedb082bd9
JavaScript error: https://cdn.ad.plus/player/adplus.js, line 400: TypeError: e(...).setup is not a function
1655910283559	Marionette	INFO	Stopped listening on port 61415
JavaScript error: resource://gre/modules/UrlClassifierListManager.jsm, line 694: TypeError: this.tablesData[table] is undefined
1655910285545	geckodriver	INFO	Listening on 127.0.0.1:61490
1655910288567	mozrunner::runner	INFO	Running command: "C:\\Program Files\\Mozilla Firefox\\firefox.exe" "--marionette" "--remote-debugging-port" "61491" "--remote-allow-hosts" "localhost" "-no-remote" "-profile" "E:\\AppData\\Local\\Temp\\rust_mozprofileoB0Xln"
1655910289039	Marionette	INFO	Marionette enabled
WebDriver BiDi listening on ws://localhost:61491
console.warn: SearchSettings: "get: No settings file exists, new profile?" (new NotFoundError("Could not open the file at E:\\AppData\\Local\\Temp\\rust_mozprofileoB0Xln\\search.json.mozlz4", (void 0)))
1655910294695	Marionette	INFO	Listening on port 61517
DevTools listening on ws://localhost:61491/devtools/browser/0412a602-bcf5-440f-967a-d7697c54e53f
Read port: 61517
1655910294964	RemoteAgent	WARN	TLS certificate errors will be ignored for this session
1655910297520	Marionette	INFO	Stopped listening on port 61517
JavaScript error: https://cdn.ad.plus/player/adplus.js, line 400: TypeError: e(...).setup is not a function
JavaScript error: resource://gre/modules/UrlClassifierListManager.jsm, line 694: TypeError: this.tablesData[table] is undefined
!!! error running onStopped callback: TypeError: callback is not a function

###!!! [Child][PContentChild] Error: RunMessage(msgname=PHttpChannel::Msg_DeleteSelf) Channel closing: too late to send/recv, messages will be lost

[Parent 15208, IPC I/O Parent] WARNING: file /builds/worker/checkouts/gecko/ipc/chromium/src/base/process_util_win.cc:167
1655916725424	geckodriver	INFO	Listening on 127.0.0.1:57979
1655916728484	mozrunner::runner	INFO	Running command: "C:\\Program Files\\Mozilla Firefox\\firefox.exe" "--marionette" "--remote-debugging-port" "57980" "--remote-allow-hosts" "localhost" "-no-remote" "-profile" "E:\\AppData\\Local\\Temp\\rust_mozprofileq1tKrC"
1655916728903	Marionette	INFO	Marionette enabled
WebDriver BiDi listening on ws://localhost:57980
console.warn: SearchSettings: "get: No settings file exists, new profile?" (new NotFoundError("Could not open the file at E:\\AppData\\Local\\Temp\\rust_mozprofileq1tKrC\\search.json.mozlz4", (void 0)))
1655916735500	Marionette	INFO	Listening on port 58006
Read port: 58006
1655916735625	RemoteAgent	WARN	TLS certificate errors will be ignored for this session
DevTools listening on ws://localhost:57980/devtools/browser/3df77e35-487e-4b71-99b9-fb3e4df92b66
JavaScript error: https://cdn.ad.plus/player/adplus.js, line 400: TypeError: e(...).setup is not a function
1655916743501	Marionette	INFO	Stopped listening on port 58006
!!! error running onStopped callback: TypeError: callback is not a function
JavaScript error: resource://gre/modules/UrlClassifierListManager.jsm, line 694: TypeError: this.tablesData[table] is undefined
JavaScript error: resource://gre/modules/AsyncShutdown.jsm, line 718: Error: Phase "Sqlite.jsm: wait until all connections are closed" is finished, it is too late to register completion condition "protections.sqlite#0: waiting for shutdown"
1655916748129	geckodriver	INFO	Listening on 127.0.0.1:58075
1655916751182	mozrunner::runner	INFO	Running command: "C:\\Program Files\\Mozilla Firefox\\firefox.exe" "--marionette" "--remote-debugging-port" "58076" "--remote-allow-hosts" "localhost" "-no-remote" "-profile" "E:\\AppData\\Local\\Temp\\rust_mozprofileOOsV5o"
1655916751579	Marionette	INFO	Marionette enabled
WebDriver BiDi listening on ws://localhost:58076
console.warn: SearchSettings: "get: No settings file exists, new profile?" (new NotFoundError("Could not open the file at E:\\AppData\\Local\\Temp\\rust_mozprofileOOsV5o\\search.json.mozlz4", (void 0)))
1655916757227	Marionette	INFO	Listening on port 58101
Read port: 58101
1655916757251	RemoteAgent	WARN	TLS certificate errors will be ignored for this session
DevTools listening on ws://localhost:58076/devtools/browser/ec3705aa-4618-4437-ae7b-bc1396f86e21
JavaScript error: https://cdn.ad.plus/player/adplus.js, line 400: TypeError: e(...).setup is not a function
1655916761001	Marionette	INFO	Stopped listening on port 58101
JavaScript error: resource://gre/modules/UrlClassifierListManager.jsm, line 694: TypeError: this.tablesData[table] is undefined
!!! error running onStopped callback: TypeError: callback is not a function

###!!! [Child][PContentChild] Error: Send(msgname=PHttpChannel::Msg_Cancel) Channel closing: too late to send/recv, messages will be lost


###!!! [Child][PContentChild] Error: Send(msgname=PHttpChannel::Msg_DeletingChannel) Channel closing: too late to send/recv, messages will be lost

1655916763150	geckodriver	INFO	Listening on 127.0.0.1:58171
1655916766168	mozrunner::runner	INFO	Running command: "C:\\Program Files\\Mozilla Firefox\\firefox.exe" "--marionette" "--remote-debugging-port" "58172" "--remote-allow-hosts" "localhost" "-no-remote" "-profile" "E:\\AppData\\Local\\Temp\\rust_mozprofilecXE7ys"
1655916766548	Marionette	INFO	Marionette enabled
WebDriver BiDi listening on ws://localhost:58172
console.warn: SearchSettings: "get: No settings file exists, new profile?" (new NotFoundError("Could not open the file at E:\\AppData\\Local\\Temp\\rust_mozprofilecXE7ys\\search.json.mozlz4", (void 0)))
1655916771279	Marionette	INFO	Listening on port 58206
DevTools listening on ws://localhost:58172/devtools/browser/33035fd2-e2af-424e-939c-790542991ded
Read port: 58206
1655916771422	RemoteAgent	WARN	TLS certificate errors will be ignored for this session
1655916774240	Marionette	INFO	Stopped listening on port 58206
JavaScript error: https://cdn.ad.plus/player/adplus.js, line 400: TypeError: e(...).setup is not a function
[Parent 10776, IPC I/O Parent] WARNING: file /builds/worker/checkouts/gecko/ipc/chromium/src/base/process_util_win.cc:167
